(CONSUMER-0) Consumer thread started ... - 2018-06-26 22:06:26.104962
(CONSUMER-0) Consumer waiting ... - 2018-06-26 22:06:26.105178
(CONSUMER-1) Consumer thread started ... - 2018-06-26 22:06:26.105306
(CONSUMER-1) Consumer waiting ... - 2018-06-26 22:06:26.105401
(PRODUCER ) Producer thread started ... - 2018-06-26 22:06:29.106561
(PRODUCER ) Making resource available - 2018-06-26 22:06:29.106810
(PRODUCER ) Notifying to all consumers - 2018-06-26 22:06:29.106934
(CONSUMER-1) Consumer consumed the resource a=1 - 2018-06-26 22:06:29.107119
(CONSUMER-1) Consumer waiting ... - 2018-06-26 22:06:30.112558
(CONSUMER-0) Consumer consumed the resource a=2 - 2018-06-26 22:06:30.112989
(CONSUMER-0) Consumer waiting ... - 2018-06-26 22:06:31.117786
(PRODUCER ) Making resource available - 2018-06-26 22:06:39.108132
(PRODUCER ) Notifying to all consumers - 2018-06-26 22:06:39.108325
(CONSUMER-0) Consumer consumed the resource a=3 - 2018-06-26 22:06:39.108506
(CONSUMER-0) Consumer waiting ... - 2018-06-26 22:06:40.111904
(CONSUMER-1) Consumer consumed the resource a=4 - 2018-06-26 22:06:40.112244
(CONSUMER-1) Consumer waiting ... - 2018-06-26 22:06:41.116138
(PRODUCER ) Making resource available - 2018-06-26 22:06:49.113937
(PRODUCER ) Notifying to all consumers - 2018-06-26 22:06:49.114269
(CONSUMER-0) Consumer consumed the resource a=5 - 2018-06-26 22:06:49.114452
(CONSUMER-1) Consumer consumed the resource a=6 - 2018-06-26 22:06:50.119982
(CONSUMER-0) Consumer waiting ... - 2018-06-26 22:06:51.122842
(CONSUMER-1) Consumer waiting ... - 2018-06-26 22:06:51.123142
