(Thread-1 ) Got info about city with id=2312249 in Thread-1
(Thread-2 ) Got info about city with id=2312249 in Thread-2
(Thread-5 ) Got info about city with id=2312249 in Thread-5
(Thread-3 ) Got info about city with id=2312249 in Thread-3
(Thread-2 ) Got info about city with id=709717 in Thread-2
(Thread-1 ) Got info about city with id=709717 in Thread-1
(Thread-5 ) Got info about city with id=709717 in Thread-5
(Thread-3 ) Got info about city with id=709717 in Thread-3
(Thread-3 ) Got info about city with id=706483 in Thread-3
(Thread-3 ) Got info about city with id=703448 in Thread-3
(Thread-5 ) Got info about city with id=706483 in Thread-5
(Thread-2 ) Got info about city with id=706483 in Thread-2
(Thread-4 ) Got info about city with id=2312249 in Thread-4
(Thread-1 ) Got info about city with id=706483 in Thread-1
(Thread-3 ) Got info about city with id=5056033 in Thread-3
(Thread-1 ) Got info about city with id=703448 in Thread-1
(Thread-4 ) Got info about city with id=709717 in Thread-4
(Thread-2 ) Got info about city with id=703448 in Thread-2
(Thread-5 ) Got info about city with id=703448 in Thread-5
(Thread-4 ) Got info about city with id=706483 in Thread-4
(Thread-1 ) Got info about city with id=5056033 in Thread-1
(Thread-2 ) Got info about city with id=5056033 in Thread-2
(Thread-5 ) Got info about city with id=5056033 in Thread-5
(Thread-4 ) Got info about city with id=703448 in Thread-4
(Thread-4 ) Got info about city with id=5056033 in Thread-4
(MainThread) In multithreading with lock was finished after 02.386758 seconds of work!
(MainThread) ----------------------------------------------------------------------
(Thread-10) Got info about city with id=2312249 in Thread-10
(Thread-6 ) Got info about city with id=2312249 in Thread-6
(Thread-7 ) Got info about city with id=2312249 in Thread-7
(Thread-8 ) Got info about city with id=2312249 in Thread-8
(Thread-9 ) Got info about city with id=2312249 in Thread-9
(Thread-8 ) Got info about city with id=709717 in Thread-8
(Thread-9 ) Got info about city with id=709717 in Thread-9
(Thread-7 ) Got info about city with id=709717 in Thread-7
(Thread-10) Got info about city with id=709717 in Thread-10
(Thread-6 ) Got info about city with id=709717 in Thread-6
(Thread-8 ) Got info about city with id=706483 in Thread-8
(Thread-10) Got info about city with id=706483 in Thread-10
(Thread-9 ) Got info about city with id=706483 in Thread-9
(Thread-6 ) Got info about city with id=706483 in Thread-6
(Thread-7 ) Got info about city with id=706483 in Thread-7
(Thread-8 ) Got info about city with id=703448 in Thread-8
(Thread-9 ) Got info about city with id=703448 in Thread-9
(Thread-10) Got info about city with id=703448 in Thread-10
(Thread-7 ) Got info about city with id=703448 in Thread-7
(Thread-6 ) Got info about city with id=703448 in Thread-6
(Thread-10) Got info about city with id=5056033 in Thread-10
(Thread-6 ) Got info about city with id=5056033 in Thread-6
(Thread-7 ) Got info about city with id=5056033 in Thread-7
(Thread-8 ) Got info about city with id=5056033 in Thread-8
(Thread-9 ) Got info about city with id=5056033 in Thread-9
(MainThread) In multithreading without lock was finished after 01.907909 seconds of work!
(MainThread) ----------------------------------------------------------------------
(MainThread) Got info about city with id=2312249 in MainThread
(MainThread) Got info about city with id=709717 in MainThread
(MainThread) Got info about city with id=706483 in MainThread
(MainThread) Got info about city with id=703448 in MainThread
(MainThread) Got info about city with id=5056033 in MainThread
(MainThread) Got info about city with id=2312249 in MainThread
(MainThread) Got info about city with id=709717 in MainThread
(MainThread) Got info about city with id=706483 in MainThread
(MainThread) Got info about city with id=703448 in MainThread
(MainThread) Got info about city with id=5056033 in MainThread
(MainThread) Got info about city with id=2312249 in MainThread
(MainThread) Got info about city with id=709717 in MainThread
(MainThread) Got info about city with id=706483 in MainThread
(MainThread) Got info about city with id=703448 in MainThread
(MainThread) Got info about city with id=5056033 in MainThread
(MainThread) Got info about city with id=2312249 in MainThread
(MainThread) Got info about city with id=709717 in MainThread
(MainThread) Got info about city with id=706483 in MainThread
(MainThread) Got info about city with id=703448 in MainThread
(MainThread) Got info about city with id=5056033 in MainThread
(MainThread) Got info about city with id=2312249 in MainThread
(MainThread) Got info about city with id=709717 in MainThread
(MainThread) Got info about city with id=706483 in MainThread
(MainThread) Got info about city with id=703448 in MainThread
(MainThread) Got info about city with id=5056033 in MainThread
(MainThread) In in main thread was finished after 05.919178 seconds of work!
