DEBUG:root:------------------------------------------------------
DEBUG:root:0 in thread Thread-1
DEBUG:root:0 in thread Thread-2
DEBUG:root:0 in thread Thread-3
DEBUG:root:0 in thread Thread-4
DEBUG:root:0 in thread Thread-5
DEBUG:root:1 in thread Thread-1
DEBUG:root:1 in thread Thread-2
DEBUG:root:1 in thread Thread-3
DEBUG:root:1 in thread Thread-4
DEBUG:root:1 in thread Thread-5
DEBUG:root:2 in thread Thread-2
DEBUG:root:2 in thread Thread-1
DEBUG:root:2 in thread Thread-4
DEBUG:root:2 in thread Thread-3
DEBUG:root:2 in thread Thread-5
DEBUG:root:3 in thread Thread-2
DEBUG:root:3 in thread Thread-1
DEBUG:root:3 in thread Thread-4
DEBUG:root:3 in thread Thread-3
DEBUG:root:3 in thread Thread-5
DEBUG:root:4 in thread Thread-2
DEBUG:root:4 in thread Thread-5
DEBUG:root:4 in thread Thread-4
DEBUG:root:4 in thread Thread-3
DEBUG:root:4 in thread Thread-1
DEBUG:root:In multithreading was finished after 02.518825 seconds of work!
DEBUG:root:0 in thread MainThread
DEBUG:root:1 in thread MainThread
DEBUG:root:2 in thread MainThread
DEBUG:root:3 in thread MainThread
DEBUG:root:4 in thread MainThread
DEBUG:root:0 in thread MainThread
DEBUG:root:1 in thread MainThread
DEBUG:root:2 in thread MainThread
DEBUG:root:3 in thread MainThread
DEBUG:root:4 in thread MainThread
DEBUG:root:0 in thread MainThread
DEBUG:root:1 in thread MainThread
DEBUG:root:2 in thread MainThread
DEBUG:root:3 in thread MainThread
DEBUG:root:4 in thread MainThread
DEBUG:root:0 in thread MainThread
DEBUG:root:1 in thread MainThread
DEBUG:root:2 in thread MainThread
DEBUG:root:3 in thread MainThread
DEBUG:root:4 in thread MainThread
DEBUG:root:0 in thread MainThread
DEBUG:root:1 in thread MainThread
DEBUG:root:2 in thread MainThread
DEBUG:root:3 in thread MainThread
DEBUG:root:4 in thread MainThread
DEBUG:root:In main_thread was finished after 12.582904 seconds of work!
